<?xml version="1.0" encoding="UTF-8"?>
<testng-results ignored="5" total="6" passed="1" failed="0" skipped="0">
  <reporter-output>
  </reporter-output>
  <suite started-at="2021-05-15T18:46:12 IST" name="Default suite" finished-at="2021-05-15T18:46:29 IST" duration-ms="17816">
    <groups>
    </groups>
    <test started-at="2021-05-15T18:46:12 IST" name="Default test" finished-at="2021-05-15T18:46:29 IST" duration-ms="17816">
      <class name="uitesting.SevenTechnologiesSuit">
        <test-method is-config="true" signature="Launch()[pri:0, instance:uitesting.SevenTechnologiesSuit@3c73951]" started-at="2021-05-15T18:46:12 IST" name="Launch" finished-at="2021-05-15T18:46:20 IST" duration-ms="8443" status="PASS">
          <reporter-output>
          </reporter-output>
        </test-method> <!-- Launch -->
        <test-method signature="Notification()[pri:0, instance:uitesting.SevenTechnologiesSuit@3c73951]" started-at="2021-05-15T18:46:20 IST" name="Notification" finished-at="2021-05-15T18:46:29 IST" duration-ms="9236" status="PASS">
          <reporter-output>
          </reporter-output>
        </test-method> <!-- Notification -->
      </class> <!-- uitesting.SevenTechnologiesSuit -->
    </test> <!-- Default test -->
  </suite> <!-- Default suite -->
</testng-results>
