<?xml version="1.0" encoding="UTF-8"?>
<!-- Generated by org.testng.reporters.JUnitXMLReporter -->
<testsuite ignored="5" hostname="Teja" failures="0" tests="1" name="Default test" time="17.816" errors="0" timestamp="2021-05-15T18:46:29 IST">
  <testcase classname="uitesting.SevenTechnologiesSuit" name="Notification" time="9.236"/>
  <testcase classname="uitesting.SevenTechnologiesSuit" name="AssertAlphabetEntry" time="0.0">
    <ignored/>
  </testcase> <!-- AssertAlphabetEntry -->
  <testcase classname="uitesting.SevenTechnologiesSuit" name="forgotPassword" time="0.0">
    <ignored/>
  </testcase> <!-- forgotPassword -->
  <testcase classname="uitesting.SevenTechnologiesSuit" name="imageStatusIdentifier" time="0.0">
    <ignored/>
  </testcase> <!-- imageStatusIdentifier -->
  <testcase classname="uitesting.SevenTechnologiesSuit" name="AssertDummyPassword" time="0.0">
    <ignored/>
  </testcase> <!-- AssertDummyPassword -->
  <testcase classname="uitesting.SevenTechnologiesSuit" name="SortUITable" time="0.0">
    <ignored/>
  </testcase> <!-- SortUITable -->
</testsuite> <!-- Default test -->
